c:\users\casa\documents\beto\compiladores\compilador\compiler\dll\intermediate\x86\debug\compilercore.pch
c:\users\casa\documents\beto\compiladores\compilador\compiler\dll\intermediate\x86\debug\vc140.pdb
c:\users\casa\documents\beto\compiladores\compilador\compiler\dll\intermediate\x86\debug\stdafx.obj
c:\users\casa\documents\beto\compiladores\compilador\compiler\dll\intermediate\x86\debug\token.obj
c:\users\casa\documents\beto\compiladores\compilador\compiler\dll\intermediate\x86\debug\symtable.obj
c:\users\casa\documents\beto\compiladores\compilador\compiler\dll\intermediate\x86\debug\localnode.obj
c:\users\casa\documents\beto\compiladores\compilador\compiler\dll\intermediate\x86\debug\lexanalyzer.obj
c:\users\casa\documents\beto\compiladores\compilador\compiler\dll\intermediate\x86\debug\globalnode.obj
c:\users\casa\documents\beto\compiladores\compilador\compiler\dll\intermediate\x86\debug\errormodule.obj
c:\users\casa\documents\beto\compiladores\compilador\compiler\dll\intermediate\x86\debug\compilercore.obj
c:\users\casa\documents\beto\compiladores\compilador\compiler\dll\intermediate\x86\debug\assemblyinfo.obj
c:\users\casa\documents\beto\compiladores\compilador\compiler\dll\intermediate\x86\debug\.netframework,version=v4.5.2.assemblyattributes.obj
c:\users\casa\documents\beto\compiladores\compilador\compiler\dll\intermediate\x86\debug\.netframework,version=v4.5.2.assemblyattributes.asm
c:\users\casa\documents\beto\compiladores\compilador\compiler\dll\binaries\x86\debug\compilercore.dll
c:\users\casa\documents\beto\compiladores\compilador\compiler\dll\binaries\x86\debug\compilercore.pdb
c:\users\casa\documents\beto\compiladores\compilador\compiler\dll\intermediate\x86\debug\app.res
c:\users\lab 4 alumno 2\documents\alberto villa\new folder\compilador\compiler\dll\intermediate\x86\debug\.netframework,version=v4.5.2.assemblyattributes.obj
c:\users\lab 4 alumno 2\documents\alberto villa\new folder\compilador\compiler\dll\intermediate\x86\debug\assemblyinfo.obj
c:\users\lab 4 alumno 2\documents\alberto villa\new folder\compilador\compiler\dll\intermediate\x86\debug\compilercore.obj
c:\users\lab 4 alumno 2\documents\alberto villa\new folder\compilador\compiler\dll\intermediate\x86\debug\errormodule.obj
c:\users\lab 4 alumno 2\documents\alberto villa\new folder\compilador\compiler\dll\intermediate\x86\debug\globalnode.obj
c:\users\lab 4 alumno 2\documents\alberto villa\new folder\compilador\compiler\dll\intermediate\x86\debug\lexanalyzer.obj
c:\users\lab 4 alumno 2\documents\alberto villa\new folder\compilador\compiler\dll\intermediate\x86\debug\localnode.obj
c:\users\lab 4 alumno 2\documents\alberto villa\new folder\compilador\compiler\dll\intermediate\x86\debug\stdafx.obj
c:\users\lab 4 alumno 2\documents\alberto villa\new folder\compilador\compiler\dll\intermediate\x86\debug\symtable.obj
c:\users\lab 4 alumno 2\documents\alberto villa\new folder\compilador\compiler\dll\intermediate\x86\debug\token.obj
c:\users\lab 4 alumno 2\documents\alberto villa\new folder\compilador\compiler\dll\intermediate\x86\debug\app.res
c:\users\lab 4 alumno 2\documents\alberto villa\new folder\compilador\compiler\dll\intermediate\x86\debug\compilercore.pch
c:\users\lab 4 alumno 2\documents\alberto villa\new folder\compilador\compiler\dll\intermediate\x86\debug\vc140.pdb
c:\users\lab 4 alumno 2\documents\alberto villa\new folder\compilador\compiler\dll\binaries\x86\debug\compilercore.pdb
c:\users\lab 4 alumno 2\documents\alberto villa\new folder\compilador\compiler\dll\binaries\x86\debug\compilercore.dll
c:\users\lab 4 alumno 2\documents\alberto villa\new folder\compilador\compiler\dll\intermediate\x86\debug\compilercore.tlog\cl.command.1.tlog
c:\users\lab 4 alumno 2\documents\alberto villa\new folder\compilador\compiler\dll\intermediate\x86\debug\compilercore.tlog\cl.read.1.tlog
c:\users\lab 4 alumno 2\documents\alberto villa\new folder\compilador\compiler\dll\intermediate\x86\debug\compilercore.tlog\cl.write.1.tlog
c:\users\lab 4 alumno 2\documents\alberto villa\new folder\compilador\compiler\dll\intermediate\x86\debug\compilercore.tlog\link.command.1.tlog
c:\users\lab 4 alumno 2\documents\alberto villa\new folder\compilador\compiler\dll\intermediate\x86\debug\compilercore.tlog\link.read.1.tlog
c:\users\lab 4 alumno 2\documents\alberto villa\new folder\compilador\compiler\dll\intermediate\x86\debug\compilercore.tlog\link.write.1.tlog
c:\users\lab 4 alumno 2\documents\alberto villa\new folder\compilador\compiler\dll\intermediate\x86\debug\compilercore.tlog\metagen.read.1.tlog
c:\users\lab 4 alumno 2\documents\alberto villa\new folder\compilador\compiler\dll\intermediate\x86\debug\compilercore.tlog\metagen.write.1.tlog
c:\users\lab 4 alumno 2\documents\alberto villa\new folder\compilador\compiler\dll\intermediate\x86\debug\compilercore.tlog\rc.command.1.tlog
c:\users\lab 4 alumno 2\documents\alberto villa\new folder\compilador\compiler\dll\intermediate\x86\debug\compilercore.tlog\rc.read.1.tlog
c:\users\lab 4 alumno 2\documents\alberto villa\new folder\compilador\compiler\dll\intermediate\x86\debug\compilercore.tlog\rc.write.1.tlog
c:\users\lab 4 alumno 2\documents\alberto villa\new folder\compilador\compiler\dll\intermediate\x86\debug\compilercore.tlog\tzres.dll.bi
