e:\idv 6º\segundo intento\compiler\compilercore\x64\debug\app.res
e:\idv 6º\segundo intento\compiler\x64\debug\compilercore.dll
e:\idv 6º\segundo intento\compiler\x64\debug\compilercore.pdb
e:\idv 6º\segundo intento\compiler\compilercore\x64\debug\compilercore.pch
e:\idv 6º\segundo intento\compiler\compilercore\x64\debug\vc140.pdb
e:\idv 6º\segundo intento\compiler\compilercore\x64\debug\stdafx.obj
e:\idv 6º\segundo intento\compiler\compilercore\x64\debug\compilercore.obj
e:\idv 6º\segundo intento\compiler\compilercore\x64\debug\assemblyinfo.obj
e:\idv 6º\segundo intento\compiler\compilercore\x64\debug\.netframework,version=v4.5.2.assemblyattributes.obj
e:\idv 6º\segundo intento\compiler\compilercore\x64\debug\.netframework,version=v4.5.2.assemblyattributes.asm
e:\idv 6º\segundo intento\compiler\compilercore\x64\debug\compilercore.vcxprojresolveassemblyreference.cache
e:\idv 6º\segundo intento\compiler\compilercore\x64\debug\compilercore.tlog\cl.command.1.tlog
e:\idv 6º\segundo intento\compiler\compilercore\x64\debug\compilercore.tlog\link.command.1.tlog
e:\idv 6º\segundo intento\compiler\compilercore\x64\debug\compilercore.tlog\metagen.read.1.tlog
e:\idv 6º\segundo intento\compiler\compilercore\x64\debug\compilercore.tlog\metagen.write.1.tlog
e:\idv 6º\segundo intento\compiler\compilercore\x64\debug\compilercore.tlog\rc.command.1.tlog
e:\idv 6º\segundo intento\compiler\compilercore\x64\debug\compilercore.tlog\cl.read.1.tlog
e:\idv 6º\segundo intento\compiler\compilercore\x64\debug\compilercore.tlog\link.read.1.tlog
e:\idv 6º\segundo intento\compiler\compilercore\x64\debug\compilercore.tlog\rc.read.1.tlog
e:\idv 6º\segundo intento\compiler\compilercore\x64\debug\compilercore.tlog\rc.write.1.tlog
e:\idv 6º\segundo intento\compiler\compilercore\x64\debug\compilercore.tlog\link.write.1.tlog
e:\idv 6º\segundo intento\compiler\compilercore\x64\debug\compilercore.tlog\cl.write.1.tlog
e:\idv 6º\segundo intento\compiler\compilercore\x64\debug\compilercore.tlog\tzres.dll.bi
