  Stdafx.cpp
  AssemblyInfo.cpp
  CompilerCore.cpp
CompilerCore.cpp(85): warning C4267: 'argument': conversion from 'size_t' to 'int', possible loss of data
CompilerCore.cpp(102): warning C4267: 'argument': conversion from 'size_t' to 'int', possible loss of data
  ErrorModule.cpp
  GlobalNode.cpp
  LexAnalyzer.cpp
  LocalNode.cpp
  SymTable.cpp
  SynAnalyzer.cpp
  SynState.cpp
  SynState_FunctionBlock.cpp
  SynState_Param.cpp
  SynState_Function.cpp
  SynState_Program.cpp
  SynState_Var.cpp
  Token.cpp
  Generating Code...
  .NETFramework,Version=v4.5.2.AssemblyAttributes.cpp
  CompilerCore.vcxproj -> C:\Users\Casa\Documents\Beto\Compiladores\Compilador\Compiler\DLL\Binaries\x64\Release\compilerCore.dll
  CompilerCore.vcxproj -> C:\Users\Casa\Documents\Beto\Compiladores\Compilador\Compiler\DLL\Binaries\x64\Release\compilerCore.pdb (Full PDB)
