d:\idv 6º\segundo intento\compiler\dll\intermediate\x64\release\compilercore.pch
d:\idv 6º\segundo intento\compiler\dll\intermediate\x64\release\vc140.pdb
d:\idv 6º\segundo intento\compiler\dll\intermediate\x64\release\stdafx.obj
d:\idv 6º\segundo intento\compiler\dll\intermediate\x64\release\compilercore.obj
d:\idv 6º\segundo intento\compiler\dll\intermediate\x64\release\assemblyinfo.obj
d:\idv 6º\segundo intento\compiler\dll\intermediate\x64\release\.netframework,version=v4.5.2.assemblyattributes.obj
d:\idv 6º\segundo intento\compiler\dll\intermediate\x64\release\.netframework,version=v4.5.2.assemblyattributes.asm
d:\idv 6º\segundo intento\compiler\dll\binaries\x64\release\compilercore.dll
d:\idv 6º\segundo intento\compiler\dll\binaries\x64\release\compilercore.pdb
d:\idv 6º\segundo intento\compiler\dll\intermediate\x64\release\app.res
c:\users\casa\documents\beto\compiladores\compilador\compiler\dll\intermediate\x64\release\.netframework,version=v4.5.2.assemblyattributes.obj
c:\users\casa\documents\beto\compiladores\compilador\compiler\dll\intermediate\x64\release\assemblyinfo.obj
c:\users\casa\documents\beto\compiladores\compilador\compiler\dll\intermediate\x64\release\compilercore.obj
c:\users\casa\documents\beto\compiladores\compilador\compiler\dll\intermediate\x64\release\stdafx.obj
c:\users\casa\documents\beto\compiladores\compilador\compiler\dll\intermediate\x64\release\app.res
c:\users\casa\documents\beto\compiladores\compilador\compiler\dll\intermediate\x64\release\compilercore.pch
c:\users\casa\documents\beto\compiladores\compilador\compiler\dll\intermediate\x64\release\vc140.pdb
c:\users\casa\documents\beto\compiladores\compilador\compiler\dll\binaries\x64\release\compilercore.pdb
c:\users\casa\documents\beto\compiladores\compilador\compiler\dll\binaries\x64\release\compilercore.dll
c:\users\casa\documents\beto\compiladores\compilador\compiler\dll\intermediate\x64\release\compilercore.tlog\cl.command.1.tlog
c:\users\casa\documents\beto\compiladores\compilador\compiler\dll\intermediate\x64\release\compilercore.tlog\cl.read.1.tlog
c:\users\casa\documents\beto\compiladores\compilador\compiler\dll\intermediate\x64\release\compilercore.tlog\cl.write.1.tlog
c:\users\casa\documents\beto\compiladores\compilador\compiler\dll\intermediate\x64\release\compilercore.tlog\link.command.1.tlog
c:\users\casa\documents\beto\compiladores\compilador\compiler\dll\intermediate\x64\release\compilercore.tlog\link.read.1.tlog
c:\users\casa\documents\beto\compiladores\compilador\compiler\dll\intermediate\x64\release\compilercore.tlog\link.write.1.tlog
c:\users\casa\documents\beto\compiladores\compilador\compiler\dll\intermediate\x64\release\compilercore.tlog\metagen.read.1.tlog
c:\users\casa\documents\beto\compiladores\compilador\compiler\dll\intermediate\x64\release\compilercore.tlog\metagen.write.1.tlog
c:\users\casa\documents\beto\compiladores\compilador\compiler\dll\intermediate\x64\release\compilercore.tlog\rc.command.1.tlog
c:\users\casa\documents\beto\compiladores\compilador\compiler\dll\intermediate\x64\release\compilercore.tlog\rc.read.1.tlog
c:\users\casa\documents\beto\compiladores\compilador\compiler\dll\intermediate\x64\release\compilercore.tlog\rc.write.1.tlog
c:\users\casa\documents\beto\compiladores\compilador\compiler\dll\intermediate\x64\release\compilercore.tlog\tzres.dll.bi
